318
20 16 383 334
   0       0     -1    -1   -1   11   12    1   -1   -1   -1
   1      20     -1     0   11   12   13    2   -1   -1   -1
   2      40     -1     1   12   13   14    3   -1   -1   -1
   3      60     -1     2   13   14   15    4   -1   -1   -1
   4      80     -1     3   14   15   16    5   -1   -1   -1
   5     100     -1     4   15   16   17    6   -1   -1   -1
   6     120     -1     5   16   17   18    7   -1   -1   -1
   7     140     -1     6   17   18   19    8   -1   -1   -1
   8     160     -1     7   18   19   20    9   -1   -1   -1
   9     180     -1     8   19   20   -1   10   -1   -1   -1
  10     200     -1     9   -1   -1   -1   -1   -1   -1   -1
  11       0     15    -1   -1   21   22   12    1    0   -1
  12      20     15    11   21   22   23   13    2    1    0
  13      40     15    12   22   23   24   14    3    2    1
  14      60     15    13   23   24   25   15    4    3    2
  15      80     15    14   24   25   26   16    5    4    3
  16     100     15    15   25   26   27   17    6    5    4
  17     120     15    16   26   27   28   18    7    6    5
  18     140     15    17   27   28   29   19    8    7    6
  19     160     15    18   28   29   -1   20    9    8    7
  20     180     15    19   -1   -1   -1   -1   -1    9    8
  21       0     31    -1   -1   31   32   22   12   11   -1
  22      20     31    21   31   32   33   23   13   12   11
  23      40     31    22   32   33   34   24   14   13   12
  24      60     31    23   33   34   35   25   15   14   13
  25      80     31    24   34   35   36   26   16   15   14
  26     100     31    25   35   36   37   27   17   16   15
  27     120     31    26   36   37   38   28   18   17   16
  28     140     31    27   37   38   39   29   19   18   17
  29     160     31    28   38   39   -1   -1   -1   19   18
  30     180     31    -1   -1   40   -1   -1   -1   -1   -1
  31       0     47    -1   -1   43   44   32   22   21   -1
  32      20     47    31   43   44   45   33   23   22   21
  33      40     47    32   44   45   46   34   24   23   22
  34      60     47    33   45   46   47   35   25   24   23
  35      80     47    34   46   47   48   36   26   25   24
  36     100     47    35   47   48   49   37   27   26   25
  37     120     47    36   48   49   50   38   28   27   26
  38     140     47    37   49   50   51   39   29   28   27
  39     160     47    38   50   51   52   40   -1   29   28
  40     180     47    39   51   52   -1   -1   -1   30   -1
  41     200     47    -1   -1   53   54   42   -1   -1   -1
  42     220     47    41   53   54   -1   -1   -1   -1   -1
  43       0     63    -1   -1   55   56   44   32   31   -1
  44      20     63    43   55   56   57   45   33   32   31
  45      40     63    44   56   57   58   46   34   33   32
  46      60     63    45   57   58   59   47   35   34   33
  47      80     63    46   58   59   60   48   36   35   34
  48     100     63    47   59   60   61   49   37   36   35
  49     120     63    48   60   61   62   50   38   37   36
  50     140     63    49   61   62   -1   51   39   38   37
  51     160     63    50   -1   63   64   52   40   39   38
  52     180     63    51   63   64   65   53   -1   40   39
  53     200     63    52   64   65   66   54   42   41   -1
  54     220     63    53   65   66   -1   -1   -1   42   41
  55       0     79    -1   -1   68   69   56   44   43   -1
  56      20     79    55   68   69   70   57   45   44   43
  57      40     79    56   69   70   71   58   46   45   44
  58      60     79    57   70   71   72   59   47   46   45
  59      80     79    58   71   72   73   60   48   47   46
  60     100     79    59   72   73   74   61   49   48   47
  61     120     79    60   73   74   75   62   50   49   48
  62     140     79    61   74   75   76   63   -1   50   49
  63     160     79    62   75   76   -1   64   52   51   -1
  64     180     79    63   -1   -1   -1   65   53   52   51
  65     200     79    64   -1   -1   -1   66   54   53   52
  66     220     79    65   -1   78   79   67   -1   54   53
  67     240     79    66   78   79   -1   -1   -1   -1   -1
  68       0     95    -1   -1   81   82   69   56   55   -1
  69      20     95    68   81   82   83   70   57   56   55
  70      40     95    69   82   83   84   71   58   57   56
  71      60     95    70   83   84   85   72   59   58   57
  72      80     95    71   84   85   -1   73   60   59   58
  73     100     95    72   -1   -1   -1   74   61   60   59
  74     120     95    73   -1   86   87   75   62   61   60
  75     140     95    74   86   87   -1   76   63   62   61
  76     160     95    75   -1   -1   -1   77   -1   63   62
  77     180     95    76   -1   -1   -1   -1   -1   -1   -1
  78     220     95    -1   -1   89   90   79   67   66   -1
  79     240     95    78   89   90   91   80   -1   67   66
  80     260     95    79   90   91   -1   -1   -1   -1   -1
  81       0    111    -1   -1   93   94   82   69   68   -1
  82      20    111    81   93   94   95   83   70   69   68
  83      40    111    82   94   95   96   84   71   70   69
  84      60    111    83   95   96   97   85   72   71   70
  85      80    111    84   96   97   -1   -1   -1   72   71
  86     120    111    -1   -1   -1   -1   87   75   74   -1
  87     140    111    86   -1   99  100   88   -1   75   74
  88     160    111    87   99  100   -1   -1   -1   -1   -1
  89     220    111    -1   -1   -1   -1   90   79   78   -1
  90     240    111    89   -1  103  104   91   80   79   78
  91     260    111    90  103  104   -1   -1   -1   80   79
  92     280    111    -1   -1  105   -1   -1   -1   -1   -1
  93       0    127    -1   -1  108  109   94   82   81   -1
  94      20    127    93  108  109  110   95   83   82   81
  95      40    127    94  109  110  111   96   84   83   82
  96      60    127    95  110  111  112   97   85   84   83
  97      80    127    96  111  112   -1   98   -1   85   84
  98     100    127    97   -1   -1   -1   -1   -1   -1   -1
  99     140    127    -1   -1  114  115  100   88   87   -1
 100     160    127    99  114  115  116  101   -1   88   87
 101     180    127   100  115  116   -1   -1   -1   -1   -1
 102     220    127    -1   -1  118  119  103   -1   -1   -1
 103     240    127   102  118  119  120  104   91   90   -1
 104     260    127   103  119  120  121  105   -1   91   90
 105     280    127   104  120  121  122  106   -1   92   -1
 106     300    127   105  121  122   -1   -1   -1   -1   -1
 107     320    127    -1   -1  123   -1   -1   -1   -1   -1
 108       0    143    -1   -1  127  128  109   94   93   -1
 109      20    143   108  127  128  129  110   95   94   93
 110      40    143   109  128  129  130  111   96   95   94
 111      60    143   110  129  130  131  112   97   96   95
 112      80    143   111  130  131   -1   -1   -1   97   96
 113     100    143    -1   -1  132   -1   -1   -1   -1   -1
 114     140    143    -1   -1  133  134  115  100   99   -1
 115     160    143   114  133  134   -1  116  101  100   99
 116     180    143   115   -1   -1   -1   -1   -1  101  100
 117     200    143    -1   -1  136  137  118   -1   -1   -1
 118     220    143   117  136  137  138  119  103  102   -1
 119     240    143   118  137  138  139  120  104  103  102
 120     260    143   119  138  139  140  121  105  104  103
 121     280    143   120  139  140  141  122  106  105  104
 122     300    143   121  140  141  142  123   -1  106  105
 123     320    143   122  141  142   -1   -1   -1  107   -1
 124     340    143    -1   -1  143  144  125   -1   -1   -1
 125     360    143   124  143  144   -1   -1   -1   -1   -1
 126     380    143    -1   -1   -1   -1   -1   -1   -1   -1
 127       0    159    -1   -1  146  147  128  109  108   -1
 128      20    159   127  146  147  148  129  110  109  108
 129      40    159   128  147  148  149  130  111  110  109
 130      60    159   129  148  149  150  131  112  111  110
 131      80    159   130  149  150  151  132   -1  112  111
 132     100    159   131  150  151   -1   -1   -1  113   -1
 133     140    159    -1   -1  153   -1  134  115  114   -1
 134     160    159   133   -1   -1   -1  135   -1  115  114
 135     180    159   134   -1   -1   -1   -1   -1   -1   -1
 136     200    159    -1   -1  156  157  137  118  117   -1
 137     220    159   136  156  157  158  138  119  118  117
 138     240    159   137  157  158  159  139  120  119  118
 139     260    159   138  158  159  160  140  121  120  119
 140     280    159   139  159  160  161  141  122  121  120
 141     300    159   140  160  161  162  142  123  122  121
 142     320    159   141  161  162  163  143   -1  123  122
 143     340    159   142  162  163  164  144  125  124   -1
 144     360    159   143  163  164  165  145   -1  125  124
 145     380    159   144  164  165   -1   -1   -1   -1   -1
 146       0    175    -1   -1  166  167  147  128  127   -1
 147      20    175   146  166  167  168  148  129  128  127
 148      40    175   147  167  168  169  149  130  129  128
 149      60    175   148  168  169  170  150  131  130  129
 150      80    175   149  169  170  171  151  132  131  130
 151     100    175   150  170  171  172  152   -1  132  131
 152     120    175   151  171  172  173  153   -1   -1   -1
 153     140    175   152   -1  173   -1  154   -1  133   -1
 154     160    175   153   -1   -1   -1   -1   -1   -1   -1
 155     180    175    -1   -1  175  176  156   -1   -1   -1
 156     200    175   155  175  176  177  157  137  136   -1
 157     220    175   156  176  177  178  158  138  137  136
 158     240    175   157  177  178  179  159  139  138  137
 159     260    175   158  178  179  180  160  140  139  138
 160     280    175   159  179  180  181  161  141  140  139
 161     300    175   160  180  181  182  162  142  141  140
 162     320    175   161  181  182   -1  163  143  142  141
 163     340    175   162   -1  183   -1  164  144  143  142
 164     360    175   163  183  184   -1  165  145  144  143
 165     380    175   164   -1   -1   -1   -1   -1  145  144
 166       0    191    -1   -1  186  187  167  147  146   -1
 167      20    191   166  186  187  188  168  148  147  146
 168      40    191   167  187  188  189  169  149  148  147
 169      60    191   168  188  189  190  170  150  149  148
 170      80    191   169  189  190  191  171  151  150  149
 171     100    191   170  190  191  192  172  152  151  150
 172     120    191   171  191  192  193  173   -1  152  151
 173     140    191   172  192  193   -1  174   -1  153  152
 174     160    191   173   -1   -1   -1  175   -1   -1   -1
 175     180    191   174   -1  194  195  176  156  155   -1
 176     200    191   175  194  195  196  177  157  156  155
 177     220    191   176  195  196  197  178  158  157  156
 178     240    191   177  196  197  198  179  159  158  157
 179     260    191   178  197  198  199  180  160  159  158
 180     280    191   179  198  199  200  181  161  160  159
 181     300    191   180  199  200  201  182  162  161  160
 182     320    191   181  200  201   -1   -1   -1  162  161
 183     340    191    -1   -1  202  203  184  164  163   -1
 184     360    191   183  202  203   -1  185   -1  164   -1
 185     380    191   184   -1   -1   -1   -1   -1   -1   -1
 186       0    207    -1   -1  204  205  187  167  166   -1
 187      20    207   186  204  205  206  188  168  167  166
 188      40    207   187  205  206  207  189  169  168  167
 189      60    207   188  206  207  208  190  170  169  168
 190      80    207   189  207  208  209  191  171  170  169
 191     100    207   190  208  209  210  192  172  171  170
 192     120    207   191  209  210   -1  193  173  172  171
 193     140    207   192   -1  211   -1   -1   -1  173  172
 194     180    207    -1   -1  213  214  195  176  175   -1
 195     200    207   194  213  214  215  196  177  176  175
 196     220    207   195  214  215  216  197  178  177  176
 197     240    207   196  215  216  217  198  179  178  177
 198     260    207   197  216  217  218  199  180  179  178
 199     280    207   198  217  218  219  200  181  180  179
 200     300    207   199  218  219  220  201  182  181  180
 201     320    207   200  219  220  221  202   -1  182  181
 202     340    207   201  220  221  222  203  184  183   -1
 203     360    207   202  221  222   -1   -1   -1  184  183
 204       0    223    -1   -1  223  224  205  187  186   -1
 205      20    223   204  223  224  225  206  188  187  186
 206      40    223   205  224  225  226  207  189  188  187
 207      60    223   206  225  226  227  208  190  189  188
 208      80    223   207  226  227  228  209  191  190  189
 209     100    223   208  227  228  229  210  192  191  190
 210     120    223   209  228  229   -1  211   -1  192  191
 211     140    223   210   -1  230   -1   -1   -1  193   -1
 212     160    223    -1   -1   -1  232  213   -1   -1   -1
 213     180    223   212   -1  232  233  214  195  194   -1
 214     200    223   213  232  233  234  215  196  195  194
 215     220    223   214  233  234  235  216  197  196  195
 216     240    223   215  234  235  236  217  198  197  196
 217     260    223   216  235  236  237  218  199  198  197
 218     280    223   217  236  237   -1  219  200  199  198
 219     300    223   218   -1   -1   -1  220  201  200  199
 220     320    223   219   -1  238  239  221  202  201  200
 221     340    223   220  238  239  240  222  203  202  201
 222     360    223   221  239  240   -1   -1   -1  203  202
 223       0    239    -1   -1  241  242  224  205  204   -1
 224      20    239   223  241  242  243  225  206  205  204
 225      40    239   224  242  243  244  226  207  206  205
 226      60    239   225  243  244  245  227  208  207  206
 227      80    239   226  244  245  246  228  209  208  207
 228     100    239   227  245  246  247  229  210  209  208
 229     120    239   228  246  247  248  230   -1  210  209
 230     140    239   229  247  248  249  231   -1  211   -1
 231     160    239   230  248  249   -1  232   -1   -1   -1
 232     180    239   231   -1  250  251  233  214  213  212
 233     200    239   232  250  251  252  234  215  214  213
 234     220    239   233  251  252  253  235  216  215  214
 235     240    239   234  252  253  254  236  217  216  215
 236     260    239   235  253  254  255  237  218  217  216
 237     280    239   236  254  255   -1   -1   -1  218  217
 238     320    239    -1   -1   -1   -1  239  221  220   -1
 239     340    239   238   -1  256   -1  240  222  221  220
 240     360    239   239   -1   -1   -1   -1   -1  222  221
 241       0    255    -1   -1  257  258  242  224  223   -1
 242      20    255   241  257  258  259  243  225  224  223
 243      40    255   242  258  259  260  244  226  225  224
 244      60    255   243  259  260  261  245  227  226  225
 245      80    255   244  260  261  262  246  228  227  226
 246     100    255   245  261  262  263  247  229  228  227
 247     120    255   246  262  263  264  248  230  229  228
 248     140    255   247  263  264  265  249  231  230  229
 249     160    255   248  264  265  266  250   -1  231  230
 250     180    255   249  265  266  267  251  233  232   -1
 251     200    255   250  266  267  268  252  234  233  232
 252     220    255   251  267  268  269  253  235  234  233
 253     240    255   252  268  269  270  254  236  235  234
 254     260    255   253  269  270  271  255  237  236  235
 255     280    255   254  270  271   -1   -1   -1  237  236
 256     340    255    -1   -1   -1   -1   -1   -1  239   -1
 257       0    271    -1   -1  272  273  258  242  241   -1
 258      20    271   257  272  273  274  259  243  242  241
 259      40    271   258  273  274  275  260  244  243  242
 260      60    271   259  274  275  276  261  245  244  243
 261      80    271   260  275  276  277  262  246  245  244
 262     100    271   261  276  277  278  263  247  246  245
 263     120    271   262  277  278  279  264  248  247  246
 264     140    271   263  278  279  280  265  249  248  247
 265     160    271   264  279  280  281  266  250  249  248
 266     180    271   265  280  281  282  267  251  250  249
 267     200    271   266  281  282  283  268  252  251  250
 268     220    271   267  282  283  284  269  253  252  251
 269     240    271   268  283  284  285  270  254  253  252
 270     260    271   269  284  285   -1  271  255  254  253
 271     280    271   270  285  286   -1   -1   -1  255  254
 272       0    287    -1   -1  287  288  273  258  257   -1
 273      20    287   272  287  288  289  274  259  258  257
 274      40    287   273  288  289  290  275  260  259  258
 275      60    287   274  289  290  291  276  261  260  259
 276      80    287   275  290  291  292  277  262  261  260
 277     100    287   276  291  292  293  278  263  262  261
 278     120    287   277  292  293  294  279  264  263  262
 279     140    287   278  293  294  295  280  265  264  263
 280     160    287   279  294  295  296  281  266  265  264
 281     180    287   280  295  296  297  282  267  266  265
 282     200    287   281  296  297  298  283  268  267  266
 283     220    287   282  297  298  299  284  269  268  267
 284     240    287   283  298  299  300  285  270  269  268
 285     260    287   284  299  300   -1  286  271  270  269
 286     280    287   285  300   -1   -1   -1   -1  271   -1
 287       0    303    -1   -1  302  303  288  273  272   -1
 288      20    303   287  302  303  304  289  274  273  272
 289      40    303   288  303  304  305  290  275  274  273
 290      60    303   289  304  305  306  291  276  275  274
 291      80    303   290  305  306  307  292  277  276  275
 292     100    303   291  306  307  308  293  278  277  276
 293     120    303   292  307  308   -1  294  279  278  277
 294     140    303   293   -1  309  310  295  280  279  278
 295     160    303   294  309  310  311  296  281  280  279
 296     180    303   295  310  311  312  297  282  281  280
 297     200    303   296  311  312  313  298  283  282  281
 298     220    303   297  312  313  314  299  284  283  282
 299     240    303   298  313  314  315  300  285  284  283
 300     260    303   299  314  315  316  301  286  285  284
 301     280    303   300  315  316   -1   -1   -1   -1   -1
 302       0    319    -1   -1   -1   -1  303  288  287   -1
 303      20    319   302   -1   -1   -1  304  289  288  287
 304      40    319   303   -1   -1   -1  305  290  289  288
 305      60    319   304   -1   -1   -1  306  291  290  289
 306      80    319   305   -1   -1   -1  307  292  291  290
 307     100    319   306   -1   -1   -1  308  293  292  291
 308     120    319   307   -1   -1   -1  309   -1  293  292
 309     140    319   308   -1   -1   -1  310  295  294   -1
 310     160    319   309   -1   -1   -1  311  296  295  294
 311     180    319   310   -1   -1   -1  312  297  296  295
 312     200    319   311   -1   -1   -1  313  298  297  296
 313     220    319   312   -1   -1   -1  314  299  298  297
 314     240    319   313   -1   -1   -1  315  300  299  298
 315     260    319   314   -1   -1   -1  316  301  300  299
 316     280    319   315   -1   -1   -1  317   -1  301  300
 317     300    319   316   -1   -1   -1   -1   -1   -1   -1
